16:29:17 **** Clean-only build of configuration Debug for project app_zynq7_lcd ****
make clean 
rm -rf  ./src/main.o  ./includes/intr_io_init.o ./includes/lcd_drv.o ./includes/lcd_init.o ./includes/lcd_io_init.o ./includes/setup_intr.o  ./src/main.d  ./includes/intr_io_init.d ./includes/lcd_drv.d ./includes/lcd_init.d ./includes/lcd_io_init.d ./includes/setup_intr.d  app_zynq7_lcd.elf.size  app_zynq7_lcd.elf
' '
16:29:17 **** Incremental Build of configuration Debug for project app_zynq7_lcd ****
make all 
make --no-print-directory pre-build
a9-linaro-pre-build-step
' '
make --no-print-directory main-build
'Building file: ../src/main.c'
'Invoking: ARM v7 gcc compiler'
arm-none-eabi-gcc -Wall -O0 -g3 -c -fmessage-length=0 -MT"src/main.o" -mcpu=cortex-a9 -mfpu=vfpv3 -mfloat-abi=hard -ID:/Projects/prj/AMD/lcd_7020/zynq_7020_lcd/workspace/zynq7_lcd/export/zynq7_lcd/sw/zynq7_lcd/standalone_domain/bspinclude/include -MMD -MP -MF"src/main.d" -MT"src/main.o" -o "src/main.o" "../src/main.c"
'Finished building: ../src/main.c'
' '
'Building target: app_zynq7_lcd.elf'
'Invoking: ARM v7 gcc linker'
arm-none-eabi-gcc -L"D:\Projects\prj\AMD\bad_apple_7020_lcd\workspace\zynq_7020_badapple_lcd\ps7_cortexa9_0\standalone_domain\bsp\ps7_cortexa9_0\libsrc\xilffs_v5_3\src\include" -mcpu=cortex-a9 -mfpu=vfpv3 -mfloat-abi=hard -Wl,-build-id=none -specs=Xilinx.spec -Wl,-T -Wl,../src/lscript.ld -LD:/Projects/prj/AMD/lcd_7020/zynq_7020_lcd/workspace/zynq7_lcd/export/zynq7_lcd/sw/zynq7_lcd/standalone_domain/bsplib/lib -o "app_zynq7_lcd.elf"  ./src/main.o   -lxilffs -Wl,--start-group,-lxil,-lgcc,-lc,--end-group -Wl,--start-group,-lxilffs,-lxil,-lgcc,-lc,--end-group
D:/AMD/Vitis/2024.2/gnu/aarch32/nt/gcc-arm-none-eabi/x86_64-oesdk-mingw32/usr/bin/arm-xilinx-eabi/../../libexec/arm-xilinx-eabi/gcc/arm-xilinx-eabi/13.3.0/ld.exe: ./src/main.o: in function `load_sd_bmp':
D:\Projects\prj\AMD\bad_apple_7020_lcd\workspace\app_zynq7_lcd\Debug/../src/main.c:29:(.text+0x40): undefined reference to `f_mount'
D:/AMD/Vitis/2024.2/gnu/aarch32/nt/gcc-arm-none-eabi/x86_64-oesdk-mingw32/usr/bin/arm-xilinx-eabi/../../libexec/arm-xilinx-eabi/gcc/arm-xilinx-eabi/13.3.0/ld.exe: D:\Projects\prj\AMD\bad_apple_7020_lcd\workspace\app_zynq7_lcd\Debug/../src/main.c:31:(.text+0x60): undefined reference to `f_open'
D:/AMD/Vitis/2024.2/gnu/aarch32/nt/gcc-arm-none-eabi/x86_64-oesdk-mingw32/usr/bin/arm-xilinx-eabi/../../libexec/arm-xilinx-eabi/gcc/arm-xilinx-eabi/13.3.0/ld.exe: D:\Projects\prj\AMD\bad_apple_7020_lcd\workspace\app_zynq7_lcd\Debug/../src/main.c:32:(.text+0x78): undefined reference to `f_open'
D:/AMD/Vitis/2024.2/gnu/aarch32/nt/gcc-arm-none-eabi/x86_64-oesdk-mingw32/usr/bin/arm-xilinx-eabi/../../libexec/arm-xilinx-eabi/gcc/arm-xilinx-eabi/13.3.0/ld.exe: D:\Projects\prj\AMD\bad_apple_7020_lcd\workspace\app_zynq7_lcd\Debug/../src/main.c:34:(.text+0x84): undefined reference to `f_lseek'
D:/AMD/Vitis/2024.2/gnu/aarch32/nt/gcc-arm-none-eabi/x86_64-oesdk-mingw32/usr/bin/arm-xilinx-eabi/../../libexec/arm-xilinx-eabi/gcc/arm-xilinx-eabi/13.3.0/ld.exe: D:\Projects\prj\AMD\bad_apple_7020_lcd\workspace\app_zynq7_lcd\Debug/../src/main.c:35:(.text+0x98): undefined reference to `f_read'
D:/AMD/Vitis/2024.2/gnu/aarch32/nt/gcc-arm-none-eabi/x86_64-oesdk-mingw32/usr/bin/arm-xilinx-eabi/../../libexec/arm-xilinx-eabi/gcc/arm-xilinx-eabi/13.3.0/ld.exe: D:\Projects\prj\AMD\bad_apple_7020_lcd\workspace\app_zynq7_lcd\Debug/../src/main.c:41:(.text+0x108): undefined reference to `f_read'
D:/AMD/Vitis/2024.2/gnu/aarch32/nt/gcc-arm-none-eabi/x86_64-oesdk-mingw32/usr/bin/arm-xilinx-eabi/../../libexec/arm-xilinx-eabi/gcc/arm-xilinx-eabi/13.3.0/ld.exe: D:\Projects\prj\AMD\bad_apple_7020_lcd\workspace\app_zynq7_lcd\Debug/../src/main.c:45:(.text+0x128): undefined reference to `f_close'
collect2.exe: error: ld returned 1 exit status
make[1]: *** [makefile:43: app_zynq7_lcd.elf] Error 1
make: *** [makefile:34: all] Error 2
